2022-08-29 17:04:36 - Starting EmployeeProjectV2Application using Java 17.0.3 on AyhHamdan with PID 79864 (D:\Spring_workspace\EmployeeProjectV2\target\classes started by hp in D:\Spring_workspace\EmployeeProjectV2)
2022-08-29 17:04:36 - No active profile set, falling back to 1 default profile: "default"
2022-08-29 17:04:36 - Devtools property defaults active! Set 'spring.devtools.add-properties' to 'false' to disable
2022-08-29 17:04:36 - For additional web related logging consider setting the 'logging.level.web' property to 'DEBUG'
2022-08-29 17:04:37 - Bootstrapping Spring Data JPA repositories in DEFAULT mode.
2022-08-29 17:04:37 - Finished Spring Data repository scanning in 37 ms. Found 5 JPA repository interfaces.
2022-08-29 17:04:37 - Tomcat initialized with port(s): 8087 (http)
2022-08-29 17:04:37 - Starting service [Tomcat]
2022-08-29 17:04:37 - Starting Servlet engine: [Apache Tomcat/9.0.65]
2022-08-29 17:04:37 - At least one JAR was scanned for TLDs yet contained no TLDs. Enable debug logging for this logger for a complete list of JARs that were scanned but no TLDs were found in them. Skipping unneeded JARs during scanning can improve startup time and JSP compilation time.
2022-08-29 17:04:37 - Initializing Spring embedded WebApplicationContext
2022-08-29 17:04:37 - Root WebApplicationContext: initialization completed in 1201 ms
2022-08-29 17:04:37 - HHH000204: Processing PersistenceUnitInfo [name: default]
2022-08-29 17:04:37 - HHH000412: Hibernate ORM core version 5.6.10.Final
2022-08-29 17:04:38 - HCANN000001: Hibernate Commons Annotations {5.1.2.Final}
2022-08-29 17:04:38 - HikariPool-1 - Starting...
2022-08-29 17:04:38 - HikariPool-1 - Start completed.
2022-08-29 17:04:38 - HHH000400: Using dialect: org.hibernate.dialect.PostgreSQL10Dialect
2022-08-29 17:04:38 - HHH000490: Using JtaPlatform implementation: [org.hibernate.engine.transaction.jta.platform.internal.NoJtaPlatform]
2022-08-29 17:04:38 - Initialized JPA EntityManagerFactory for persistence unit 'default'
2022-08-29 17:04:39 - spring.jpa.open-in-view is enabled by default. Therefore, database queries may be performed during view rendering. Explicitly configure spring.jpa.open-in-view to disable this warning
2022-08-29 17:04:39 - LiveReload server is running on port 35729
2022-08-29 17:04:39 - Tomcat started on port(s): 8087 (http) with context path ''
2022-08-29 17:04:39 - Started EmployeeProjectV2Application in 3.272 seconds (JVM running for 3.951)
2022-08-29 17:04:55 - Initializing Spring DispatcherServlet 'dispatcherServlet'
2022-08-29 17:04:55 - Initializing Servlet 'dispatcherServlet'
2022-08-29 17:04:55 - Completed initialization in 0 ms
2022-08-29 17:04:55 - Requesting the model: home page 
2022-08-29 17:04:55 - Displaying the home page 
2022-08-29 17:04:57 - Requesting the model: project page + List of the projects
2022-08-29 17:04:57 - Implementing findAll method for employee
2022-08-29 17:04:57 - Displaying the project page 
2022-08-29 17:04:58 - Requesting the model: task page + List of the tasks
2022-08-29 17:04:58 - Implementing findAll method for employee
2022-08-29 17:04:58 - Displaying the task page 
2022-08-29 17:05:00 - Requesting the model: project page + List of the projects
2022-08-29 17:05:00 - Implementing findAll method for employee
2022-08-29 17:05:00 - Displaying the project page 
2022-08-29 17:05:00 - Requesting the model: qualification page + List of the qualifications
2022-08-29 17:05:00 - Implementing findAll method for employee
2022-08-29 17:05:00 - Displaying the qualification page 
2022-08-29 17:05:02 - Requesting the model: department page + List of the departments
2022-08-29 17:05:02 - Implementing findAll method for department
2022-08-29 17:05:02 - Displaying the department page 
2022-08-29 17:05:03 - Requesting the model: task page + List of the tasks
2022-08-29 17:05:03 - Implementing findAll method for employee
2022-08-29 17:05:03 - Displaying the task page 
2022-08-29 17:05:04 - Requesting the model: project page + List of the projects
2022-08-29 17:05:04 - Implementing findAll method for employee
2022-08-29 17:05:04 - Displaying the project page 
2022-08-29 17:05:05 - Requesting the model: qualification page + List of the qualifications
2022-08-29 17:05:05 - Implementing findAll method for employee
2022-08-29 17:05:05 - Displaying the qualification page 
2022-08-29 17:05:06 - Requesting the delete method for deleting the qualification by qualificationName
2022-08-29 17:05:06 - Implementing delete method for employee
2022-08-29 17:05:06 - Implementing find by Id method for employee
2022-08-29 17:05:09 - Requesting the model: qualification page + List of the qualifications
2022-08-29 17:05:09 - Implementing findAll method for employee
2022-08-29 17:05:09 - Displaying the qualification page 
2022-08-29 17:05:09 - Requesting the model: task page + List of the tasks
2022-08-29 17:05:09 - Implementing findAll method for employee
2022-08-29 17:05:09 - Displaying the task page 
2022-08-29 17:05:11 - Requesting the delete method for deleting the task by taskName
2022-08-29 17:05:11 - Implementing delete method for employee
2022-08-29 17:05:11 - Implementing find by Id method for employee
2022-08-29 17:05:12 - Requesting the delete method for deleting the task by taskName
2022-08-29 17:05:12 - Implementing delete method for employee
2022-08-29 17:05:12 - Implementing find by Id method for employee
2022-08-29 17:05:12 - Servlet.service() for servlet [dispatcherServlet] in context with path [] threw exception [Request processing failed; nested exception is org.springframework.dao.InvalidDataAccessApiUsageException: Entity must not be null!; nested exception is java.lang.IllegalArgumentException: Entity must not be null!] with root cause
java.lang.IllegalArgumentException: Entity must not be null!
	at org.springframework.util.Assert.notNull(Assert.java:201)
	at org.springframework.data.jpa.repository.support.SimpleJpaRepository.delete(SimpleJpaRepository.java:185)
	at java.base/jdk.internal.reflect.NativeMethodAccessorImpl.invoke0(Native Method)
	at java.base/jdk.internal.reflect.NativeMethodAccessorImpl.invoke(NativeMethodAccessorImpl.java:77)
	at java.base/jdk.internal.reflect.DelegatingMethodAccessorImpl.invoke(DelegatingMethodAccessorImpl.java:43)
	at java.base/java.lang.reflect.Method.invoke(Method.java:568)
	at org.springframework.data.repository.core.support.RepositoryMethodInvoker$RepositoryFragmentMethodInvoker.lambda$new$0(RepositoryMethodInvoker.java:289)
	at org.springframework.data.repository.core.support.RepositoryMethodInvoker.doInvoke(RepositoryMethodInvoker.java:137)
	at org.springframework.data.repository.core.support.RepositoryMethodInvoker.invoke(RepositoryMethodInvoker.java:121)
	at org.springframework.data.repository.core.support.RepositoryComposition$RepositoryFragments.invoke(RepositoryComposition.java:530)
	at org.springframework.data.repository.core.support.RepositoryComposition.invoke(RepositoryComposition.java:286)
	at org.springframework.data.repository.core.support.RepositoryFactorySupport$ImplementationMethodExecutionInterceptor.invoke(RepositoryFactorySupport.java:640)
	at org.springframework.aop.framework.ReflectiveMethodInvocation.proceed(ReflectiveMethodInvocation.java:186)
	at org.springframework.data.repository.core.support.QueryExecutorMethodInterceptor.doInvoke(QueryExecutorMethodInterceptor.java:164)
	at org.springframework.data.repository.core.support.QueryExecutorMethodInterceptor.invoke(QueryExecutorMethodInterceptor.java:139)
	at org.springframework.aop.framework.ReflectiveMethodInvocation.proceed(ReflectiveMethodInvocation.java:186)
	at org.springframework.data.projection.DefaultMethodInvokingMethodInterceptor.invoke(DefaultMethodInvokingMethodInterceptor.java:81)
	at org.springframework.aop.framework.ReflectiveMethodInvocation.proceed(ReflectiveMethodInvocation.java:186)
	at org.springframework.transaction.interceptor.TransactionInterceptor$1.proceedWithInvocation(TransactionInterceptor.java:123)
	at org.springframework.transaction.interceptor.TransactionAspectSupport.invokeWithinTransaction(TransactionAspectSupport.java:388)
	at org.springframework.transaction.interceptor.TransactionInterceptor.invoke(TransactionInterceptor.java:119)
	at org.springframework.aop.framework.ReflectiveMethodInvocation.proceed(ReflectiveMethodInvocation.java:186)
	at org.springframework.dao.support.PersistenceExceptionTranslationInterceptor.invoke(PersistenceExceptionTranslationInterceptor.java:137)
	at org.springframework.aop.framework.ReflectiveMethodInvocation.proceed(ReflectiveMethodInvocation.java:186)
	at org.springframework.data.jpa.repository.support.CrudMethodMetadataPostProcessor$CrudMethodMetadataPopulatingMethodInterceptor.invoke(CrudMethodMetadataPostProcessor.java:174)
	at org.springframework.aop.framework.ReflectiveMethodInvocation.proceed(ReflectiveMethodInvocation.java:186)
	at org.springframework.aop.interceptor.ExposeInvocationInterceptor.invoke(ExposeInvocationInterceptor.java:97)
	at org.springframework.aop.framework.ReflectiveMethodInvocation.proceed(ReflectiveMethodInvocation.java:186)
	at org.springframework.aop.framework.JdkDynamicAopProxy.invoke(JdkDynamicAopProxy.java:215)
	at jdk.proxy4/jdk.proxy4.$Proxy111.delete(Unknown Source)
	at com.example.demo.service.TaskService.delete(TaskService.java:43)
	at com.example.demo.controller.EmployeeController.DeleteTask(EmployeeController.java:439)
	at java.base/jdk.internal.reflect.NativeMethodAccessorImpl.invoke0(Native Method)
	at java.base/jdk.internal.reflect.NativeMethodAccessorImpl.invoke(NativeMethodAccessorImpl.java:77)
	at java.base/jdk.internal.reflect.DelegatingMethodAccessorImpl.invoke(DelegatingMethodAccessorImpl.java:43)
	at java.base/java.lang.reflect.Method.invoke(Method.java:568)
	at org.springframework.web.method.support.InvocableHandlerMethod.doInvoke(InvocableHandlerMethod.java:205)
	at org.springframework.web.method.support.InvocableHandlerMethod.invokeForRequest(InvocableHandlerMethod.java:150)
	at org.springframework.web.servlet.mvc.method.annotation.ServletInvocableHandlerMethod.invokeAndHandle(ServletInvocableHandlerMethod.java:117)
	at org.springframework.web.servlet.mvc.method.annotation.RequestMappingHandlerAdapter.invokeHandlerMethod(RequestMappingHandlerAdapter.java:895)
	at org.springframework.web.servlet.mvc.method.annotation.RequestMappingHandlerAdapter.handleInternal(RequestMappingHandlerAdapter.java:808)
	at org.springframework.web.servlet.mvc.method.AbstractHandlerMethodAdapter.handle(AbstractHandlerMethodAdapter.java:87)
	at org.springframework.web.servlet.DispatcherServlet.doDispatch(DispatcherServlet.java:1070)
	at org.springframework.web.servlet.DispatcherServlet.doService(DispatcherServlet.java:963)
	at org.springframework.web.servlet.FrameworkServlet.processRequest(FrameworkServlet.java:1006)
	at org.springframework.web.servlet.FrameworkServlet.doGet(FrameworkServlet.java:898)
	at javax.servlet.http.HttpServlet.service(HttpServlet.java:655)
	at org.springframework.web.servlet.FrameworkServlet.service(FrameworkServlet.java:883)
	at javax.servlet.http.HttpServlet.service(HttpServlet.java:764)
	at org.apache.catalina.core.ApplicationFilterChain.internalDoFilter(ApplicationFilterChain.java:227)
	at org.apache.catalina.core.ApplicationFilterChain.doFilter(ApplicationFilterChain.java:162)
	at org.apache.tomcat.websocket.server.WsFilter.doFilter(WsFilter.java:53)
	at org.apache.catalina.core.ApplicationFilterChain.internalDoFilter(ApplicationFilterChain.java:189)
	at org.apache.catalina.core.ApplicationFilterChain.doFilter(ApplicationFilterChain.java:162)
	at org.springframework.web.filter.RequestContextFilter.doFilterInternal(RequestContextFilter.java:100)
	at org.springframework.web.filter.OncePerRequestFilter.doFilter(OncePerRequestFilter.java:117)
	at org.apache.catalina.core.ApplicationFilterChain.internalDoFilter(ApplicationFilterChain.java:189)
	at org.apache.catalina.core.ApplicationFilterChain.doFilter(ApplicationFilterChain.java:162)
	at org.springframework.web.filter.FormContentFilter.doFilterInternal(FormContentFilter.java:93)
	at org.springframework.web.filter.OncePerRequestFilter.doFilter(OncePerRequestFilter.java:117)
	at org.apache.catalina.core.ApplicationFilterChain.internalDoFilter(ApplicationFilterChain.java:189)
	at org.apache.catalina.core.ApplicationFilterChain.doFilter(ApplicationFilterChain.java:162)
	at org.springframework.web.filter.CharacterEncodingFilter.doFilterInternal(CharacterEncodingFilter.java:201)
	at org.springframework.web.filter.OncePerRequestFilter.doFilter(OncePerRequestFilter.java:117)
	at org.apache.catalina.core.ApplicationFilterChain.internalDoFilter(ApplicationFilterChain.java:189)
	at org.apache.catalina.core.ApplicationFilterChain.doFilter(ApplicationFilterChain.java:162)
	at org.apache.catalina.core.StandardWrapperValve.invoke(StandardWrapperValve.java:197)
	at org.apache.catalina.core.StandardContextValve.invoke(StandardContextValve.java:97)
	at org.apache.catalina.authenticator.AuthenticatorBase.invoke(AuthenticatorBase.java:541)
	at org.apache.catalina.core.StandardHostValve.invoke(StandardHostValve.java:135)
	at org.apache.catalina.valves.ErrorReportValve.invoke(ErrorReportValve.java:92)
	at org.apache.catalina.core.StandardEngineValve.invoke(StandardEngineValve.java:78)
	at org.apache.catalina.connector.CoyoteAdapter.service(CoyoteAdapter.java:360)
	at org.apache.coyote.http11.Http11Processor.service(Http11Processor.java:399)
	at org.apache.coyote.AbstractProcessorLight.process(AbstractProcessorLight.java:65)
	at org.apache.coyote.AbstractProtocol$ConnectionHandler.process(AbstractProtocol.java:890)
	at org.apache.tomcat.util.net.NioEndpoint$SocketProcessor.doRun(NioEndpoint.java:1789)
	at org.apache.tomcat.util.net.SocketProcessorBase.run(SocketProcessorBase.java:49)
	at org.apache.tomcat.util.threads.ThreadPoolExecutor.runWorker(ThreadPoolExecutor.java:1191)
	at org.apache.tomcat.util.threads.ThreadPoolExecutor$Worker.run(ThreadPoolExecutor.java:659)
	at org.apache.tomcat.util.threads.TaskThread$WrappingRunnable.run(TaskThread.java:61)
	at java.base/java.lang.Thread.run(Thread.java:833)
2022-08-29 17:05:16 - Requesting the model: task page + List of the tasks
2022-08-29 17:05:16 - Implementing findAll method for employee
2022-08-29 17:05:16 - Displaying the task page 
2022-08-29 17:05:17 - Requesting the model: employee + List of the employees 
2022-08-29 17:05:17 - Implementing findAll method for employee
2022-08-29 17:05:17 - Displaying the employee page 
2022-08-29 17:05:21 - Requesting the model: task page + List of the tasks for the employee
2022-08-29 17:05:21 - Implementing find by Id method for employee
2022-08-29 17:05:21 - Displaying the task page with the tasks for the employee
2022-08-29 17:05:21 - Requesting the model: employee + List of the employees 
2022-08-29 17:05:21 - Implementing findAll method for employee
2022-08-29 17:05:21 - Displaying the employee page 
2022-08-29 17:05:22 - Requesting the model: task page + List of the tasks for the employee
2022-08-29 17:05:22 - Implementing find by Id method for employee
2022-08-29 17:05:22 - Displaying the task page with the tasks for the employee
2022-08-29 17:05:23 - Requesting the model: employee + List of the employees 
2022-08-29 17:05:23 - Implementing findAll method for employee
2022-08-29 17:05:23 - Displaying the employee page 
2022-08-29 17:05:24 - Requesting the model: task page + List of the tasks for the employee
2022-08-29 17:05:24 - Implementing find by Id method for employee
2022-08-29 17:05:24 - Displaying the task page with the tasks for the employee
2022-08-29 17:05:25 - Requesting the model: employee + List of the employees 
2022-08-29 17:05:25 - Implementing findAll method for employee
2022-08-29 17:05:25 - Displaying the employee page 
2022-08-29 17:05:26 - Requesting the delete method for deleting the employee by id
2022-08-29 17:05:26 - Implementing delete method for employee
2022-08-29 17:05:26 - Implementing find by Id method for employee
2022-08-29 17:05:29 - Requesting the model: employee + List of the employees 
2022-08-29 17:05:29 - Implementing findAll method for employee
2022-08-29 17:05:29 - Displaying the employee page 
2022-08-29 17:05:34 - Requesting the model: task page + List of the tasks
2022-08-29 17:05:34 - Implementing findAll method for employee
2022-08-29 17:05:34 - Displaying the task page 
2022-08-29 17:05:37 - Requesting the delete method for deleting the task by taskName
2022-08-29 17:05:37 - Implementing delete method for employee
2022-08-29 17:05:37 - Implementing find by Id method for employee
2022-08-29 17:05:44 - Application shutdown requested.
2022-08-29 17:05:44 - Stopping service [Tomcat]
2022-08-29 17:05:44 - Destroying Spring FrameworkServlet 'dispatcherServlet'
2022-08-29 17:05:44 - Closing JPA EntityManagerFactory for persistence unit 'default'
2022-08-29 17:05:44 - HikariPool-1 - Shutdown initiated...
2022-08-29 17:05:44 - HikariPool-1 - Shutdown completed.
